#
# A fatal error has been detected by the Java Runtime Environment:
#
#  EXCEPTION_ACCESS_VIOLATION (0xc0000005) at pc=0x00007ffed56410de, pid=5448, tid=11680
#
# JRE version:  (17.0.3.1+2) (build )
# Java VM: Java HotSpot(TM) 64-Bit Server VM (17.0.3.1+2-LTS-6, mixed mode, sharing, tiered, compressed oops, compressed class ptrs, g1 gc, windows-amd64)
# Problematic frame:
# V  [jvm.dll+0x2c10de]
#
# No core dump will be written. Minidumps are not enabled by default on client versions of Windows
#
#

---------------  S U M M A R Y ------------

Command Line: -Xmx16m org.eclipse.jdt.internal.launching.support.LibraryDetector

Host: Intel(R) Core(TM) i5-10300H CPU @ 2.50GHz, 8 cores, 7G,  Windows 10 , 64 bit Build 19041 (10.0.19041.1706)
Time: Thu Jun  2 00:42:55 2022 E. Africa Standard Time elapsed time: 0.011524 seconds (0d 0h 0m 0s)

---------------  T H R E A D  ---------------

Current thread (0x000001d5c15fa830):  JavaThread "Unknown thread" [_thread_in_vm, id=11680, stack(0x0000008eb6b00000,0x0000008eb6c00000)]

Stack: [0x0000008eb6b00000,0x0000008eb6c00000],  sp=0x0000008eb6bfecb0,  free space=1019k
Native frames: (J=compiled Java code, j=interpreted, Vv=VM code, C=native code)
V  [jvm.dll+0x2c10de]
V  [jvm.dll+0x2c1551]
V  [jvm.dll+0x61d2c6]
V  [jvm.dll+0x61d4f0]
V  [jvm.dll+0x61c9bb]
V  [jvm.dll+0x6186c8]
V  [jvm.dll+0x7a2445]
V  [jvm.dll+0x365d01]
V  [jvm.dll+0x78187c]
V  [jvm.dll+0x3e873f]
V  [jvm.dll+0x3ea1e1]
C  [jli.dll+0x527b]
C  [ucrtbase.dll+0x21bb2]
C  [KERNEL32.DLL+0x17034]
C  [ntdll.dll+0x52651]


siginfo: EXCEPTION_ACCESS_VIOLATION (0xc0000005), reading address 0x0000000000000000


Registers:
RAX=0x0000cbcfaf7d35dc, RBX=0x0000000000000000, RCX=0x0000000000000000, RDX=0x00007ffed5c6c201
RSP=0x0000008eb6bfecb0, RBP=0x0000000000000001, RSI=0x00000008008ecc60, RDI=0x0000000000000000
R8 =0x0000000000000001, R9 =0x0000000000000001, R10=0x000001d5c1659c50, R11=0x0000000000000246
R12=0x0000000000000001, R13=0x000001d5c14f5d10, R14=0x0000000000000001, R15=0x00007ffed59afa90
RIP=0x00007ffed56410de, EFLAGS=0x0000000000010246

Top of Stack: (sp=0x0000008eb6bfecb0)
0x0000008eb6bfecb0:   0000008eb6bfed98 0000000000001000
0x0000008eb6bfecc0:   0000000000770000 00007ffed599c100
0x0000008eb6bfecd0:   0000000800c00000 000000000000000c
0x0000008eb6bfece0:   0000008eb6bfee00 0000000000000000
0x0000008eb6bfecf0:   0000cbcfaf7d355c 0000000000000002
0x0000008eb6bfed00:   0000cbcfaf7d35dc 0000000800000000
0x0000008eb6bfed10:   0000000000000000 00007ffed5641551
0x0000008eb6bfed20:   0000000000000048 0000000000000000
0x0000008eb6bfed30:   0000000000000000 000001d5c16490b0
0x0000008eb6bfed40:   00000008008ecc58 0000008e00000001
0x0000008eb6bfed50:   0000000000000000 0000000000000000
0x0000008eb6bfed60:   0000000000000000 0000000000000000
0x0000008eb6bfed70:   0000000000000000 ffffffff00c00000
0x0000008eb6bfed80:   0000000000000000 0000000000000000
0x0000008eb6bfed90:   0000cbcfaf7d344c 0000000000000000
0x0000008eb6bfeda0:   000001d5c14f5d10 0000000000000000 

Instructions: (pc=0x00007ffed56410de)
0x00007ffed5640fde:   00 48 83 c2 0f 48 c1 ea 03 48 63 d2 e8 f1 68 35
0x00007ffed5640fee:   00 48 8b d8 48 85 c0 74 0b 89 38 eb 09 41 c6 04
0x00007ffed5640ffe:   24 02 eb 22 33 db 49 83 7f 08 00 75 19 4c 63 84
0x00007ffed564100e:   24 80 00 00 00 48 8d 4b 04 48 8b d5 e8 71 c6 56
0x00007ffed564101e:   00 49 89 5c 24 20 48 8b 9c 24 88 00 00 00 49 83
0x00007ffed564102e:   3e 00 74 15 48 8b 54 24 28 48 8b ce e8 91 9d de
0x00007ffed564103e:   ff 49 8b ce e8 f9 9c de ff 48 89 5e 20 48 8b 5c
0x00007ffed564104e:   24 70 4c 89 76 10 4c 89 6e 18 48 83 c4 30 41 5f
0x00007ffed564105e:   41 5e 41 5d 41 5c 5f 5e 5d c3 cc cc cc cc cc cc
0x00007ffed564106e:   cc cc 40 53 48 83 ec 20 48 8b d9 e8 f2 b0 35 00
0x00007ffed564107e:   48 8b 53 28 48 ff ca 48 03 d0 48 ff c8 48 f7 d0
0x00007ffed564108e:   48 23 c2 48 83 c4 20 5b c3 cc cc cc cc cc cc cc
0x00007ffed564109e:   cc cc 48 89 5c 24 10 48 89 6c 24 18 48 89 74 24
0x00007ffed56410ae:   20 57 48 83 ec 60 48 8b 05 fd 1e 7f 00 48 33 c4
0x00007ffed56410be:   48 89 44 24 50 80 3d 74 38 7c 00 00 0f b6 ea 48
0x00007ffed56410ce:   8b f1 74 17 80 39 00 75 12 48 8b 0d 9a ed 81 00
0x00007ffed56410de:   48 8b 01 ff 50 20 48 8b d8 eb 08 48 8b 59 18 48
0x00007ffed56410ee:   83 c3 04 48 83 3d 77 ee 81 00 00 40 b7 01 74 0f
0x00007ffed56410fe:   48 8b d3 48 8d 0d 38 ad 62 00 e8 43 bd f2 ff 48
0x00007ffed564110e:   8d 54 24 20 48 8b cb e8 96 ec 3a 00 85 c0 74 19
0x00007ffed564111e:   40 84 ed 74 14 48 8b d3 48 8d 0d 3b ad 62 00 e8
0x00007ffed564112e:   1e d3 ff ff 40 32 ff eb 7a 80 3e 03 75 20 48 8b
0x00007ffed564113e:   cb e8 cc 91 3a 00 84 c0 75 69 48 8b d3 48 8d 0d
0x00007ffed564114e:   46 ad 62 00 e8 f9 d2 ff ff 40 32 ff eb 55 48 8b
0x00007ffed564115e:   56 08 4c 8b 44 24 40 48 85 d2 74 05 49 3b d0 75
0x00007ffed564116e:   0b 48 63 44 24 34 48 39 46 10 74 37 40 32 ff 40
0x00007ffed564117e:   38 3d 6d 99 82 00 74 1c 49 3b d0 48 8d 05 28 ad
0x00007ffed564118e:   62 00 48 8d 0d 39 ad 62 00 48 0f 45 c8 e8 b0 d2
0x00007ffed564119e:   ff ff eb 0f 48 8b d3 48 8d 0d 44 ad 62 00 e8 9f
0x00007ffed56411ae:   d2 ff ff 80 3d 39 99 82 00 00 74 10 40 84 ff 75
0x00007ffed56411be:   0b c6 05 9b df 83 00 01 b0 01 eb 04 40 0f b6 c7
0x00007ffed56411ce:   48 8b 4c 24 50 48 33 cc e8 95 b3 56 00 4c 8d 5c 



---------------  P R O C E S S  ---------------

Threads class SMR info:
_java_thread_list=0x00007ffed5e19858, length=0, elements={
}

Java Threads: ( => current thread )

Other Threads:
  0x000001d5c1619810 GCTaskThread "GC Thread#0" [stack: 0x0000008eb6c00000,0x0000008eb6d00000] [id=11764]
  0x000001d5c161b730 ConcurrentGCThread "G1 Main Marker" [stack: 0x0000008eb6d00000,0x0000008eb6e00000] [id=1284]
  0x000001d5c161c140 ConcurrentGCThread "G1 Conc#0" [stack: 0x0000008eb6e00000,0x0000008eb6f00000] [id=10508]
  0x000001d5c164ca40 ConcurrentGCThread "G1 Refine#0" [stack: 0x0000008eb6f00000,0x0000008eb7000000] [id=1380]
  0x000001d5c164d460 ConcurrentGCThread "G1 Service" [stack: 0x0000008eb7000000,0x0000008eb7100000] [id=1504]

=>0x000001d5c15fa830 (exited) JavaThread "Unknown thread" [_thread_in_vm, id=11680, stack(0x0000008eb6b00000,0x0000008eb6c00000)]

Threads with active compile tasks:

VM state: not at safepoint (not fully initialized)

VM Mutex/Monitor currently owned by a thread: None

Heap address: 0x00000000ff000000, size: 16 MB, Compressed Oops mode: 32-bit

CDS archive(s) mapped at: [0x0000000000000000-0x0000000000000000-0x0000000000000000), size 0, SharedBaseAddress: 0x0000000800000000, ArchiveRelocationMode: 0.
Narrow klass base: 0x0000000000000000, Narrow klass shift: 0, Narrow klass range: 0x0

GC Precious Log:
 CPUs: 8 total, 8 available
 Memory: 7993M
 Large Page Support: Disabled
 NUMA Support: Disabled
 Compressed Oops: Enabled (32-bit)
 Heap Region Size: 1M
 Heap Min Capacity: 8M
 Heap Initial Capacity: 16M
 Heap Max Capacity: 16M
 Pre-touch: Disabled
 Parallel Workers: 8
 Concurrent Workers: 2
 Concurrent Refinement Workers: 8
 Periodic GC: Disabled

Heap:
 garbage-first heap   total 16384K, used 0K [0x00000000ff000000, 0x0000000100000000)
  region size 1024K, 0 young (0K), 0 survivors (0K)

[error occurred during error reporting (printing heap information), id 0xc0000005, EXCEPTION_ACCESS_VIOLATION (0xc0000005) at pc=0x00007ffed5a4a629]

GC Heap History (0 events):
No events

Deoptimization events (0 events):
No events

Classes unloaded (0 events):
No events

Classes redefined (0 events):
No events

Internal exceptions (0 events):
No events

VM Operations (0 events):
No events

Events (2 events):
Event: 0.005 Loaded shared library C:\Program Files\Java\jdk-17.0.3.1\bin\java.dll
Event: 0.006 Loaded shared library C:\Program Files\Java\jdk-17.0.3.1\bin\zip.dll


Dynamic libraries:
0x00007ff6c2a30000 - 0x00007ff6c2a40000 	C:\Program Files\Java\jdk-17.0.3.1\bin\javaw.exe
0x00007fff26b10000 - 0x00007fff26d05000 	C:\Windows\SYSTEM32\ntdll.dll
0x00007fff24b60000 - 0x00007fff24c1d000 	C:\Windows\System32\KERNEL32.DLL
0x00007fff242b0000 - 0x00007fff2457d000 	C:\Windows\System32\KERNELBASE.dll
0x00007fff24a60000 - 0x00007fff24b60000 	C:\Windows\System32\ucrtbase.dll
0x00007fff043b0000 - 0x00007fff043c8000 	C:\Program Files\Java\jdk-17.0.3.1\bin\jli.dll
0x00007fff01b90000 - 0x00007fff01baa000 	C:\Program Files\Java\jdk-17.0.3.1\bin\VCRUNTIME140.dll
0x00007fff25330000 - 0x00007fff253de000 	C:\Windows\System32\ADVAPI32.dll
0x00007fff24f50000 - 0x00007fff24fee000 	C:\Windows\System32\msvcrt.dll
0x00007fff25ec0000 - 0x00007fff25f5c000 	C:\Windows\System32\sechost.dll
0x00007fff26410000 - 0x00007fff26535000 	C:\Windows\System32\RPCRT4.dll
0x00007fff24d10000 - 0x00007fff24eb0000 	C:\Windows\System32\USER32.dll
0x00007fff24a30000 - 0x00007fff24a52000 	C:\Windows\System32\win32u.dll
0x00007fff06fd0000 - 0x00007fff0726a000 	C:\Windows\WinSxS\amd64_microsoft.windows.common-controls_6595b64144ccf1df_6.0.19041.1110_none_60b5254171f9507e\COMCTL32.dll
0x00007fff24eb0000 - 0x00007fff24eda000 	C:\Windows\System32\GDI32.dll
0x00007fff24750000 - 0x00007fff2485b000 	C:\Windows\System32\gdi32full.dll
0x00007fff24680000 - 0x00007fff2471d000 	C:\Windows\System32\msvcp_win.dll
0x00007fff1d940000 - 0x00007fff1d94a000 	C:\Windows\SYSTEM32\VERSION.dll
0x00007fff25170000 - 0x00007fff251a0000 	C:\Windows\System32\IMM32.DLL
0x00007fff1d2f0000 - 0x00007fff1d2fc000 	C:\Program Files\Java\jdk-17.0.3.1\bin\vcruntime140_1.dll
0x00007ffee16f0000 - 0x00007ffee177d000 	C:\Program Files\Java\jdk-17.0.3.1\bin\msvcp140.dll
0x00007ffed5380000 - 0x00007ffed5f40000 	C:\Program Files\Java\jdk-17.0.3.1\bin\server\jvm.dll
0x00007fff251a0000 - 0x00007fff251a8000 	C:\Windows\System32\PSAPI.DLL
0x00007fff01710000 - 0x00007fff01737000 	C:\Windows\SYSTEM32\WINMM.dll
0x00007fff1ef00000 - 0x00007fff1ef09000 	C:\Windows\SYSTEM32\WSOCK32.dll
0x00007fff251b0000 - 0x00007fff2521b000 	C:\Windows\System32\WS2_32.dll
0x00007fff22ab0000 - 0x00007fff22ac2000 	C:\Windows\SYSTEM32\kernel.appcore.dll
0x00007fff0d670000 - 0x00007fff0d67a000 	C:\Program Files\Java\jdk-17.0.3.1\bin\jimage.dll
0x00007fff227c0000 - 0x00007fff229a4000 	C:\Windows\SYSTEM32\DBGHELP.DLL
0x00007fff01bb0000 - 0x00007fff01bdc000 	C:\Windows\SYSTEM32\dbgcore.DLL
0x00007fff24220000 - 0x00007fff242a2000 	C:\Windows\System32\bcryptPrimitives.dll
0x00007ffee1930000 - 0x00007ffee1955000 	C:\Program Files\Java\jdk-17.0.3.1\bin\java.dll
0x00007ffefd560000 - 0x00007ffefd578000 	C:\Program Files\Java\jdk-17.0.3.1\bin\zip.dll

dbghelp: loaded successfully - version: 4.0.5 - missing functions: none
symbol engine: initialized successfully - sym options: 0x614 - pdb path: .;C:\Program Files\Java\jdk-17.0.3.1\bin;C:\Windows\SYSTEM32;C:\Windows\WinSxS\amd64_microsoft.windows.common-controls_6595b64144ccf1df_6.0.19041.1110_none_60b5254171f9507e;C:\Program Files\Java\jdk-17.0.3.1\bin\server

VM Arguments:
jvm_args: -Xmx16m 
java_command: org.eclipse.jdt.internal.launching.support.LibraryDetector
java_class_path (initial): C:\Users\punk\AppData\Roaming\Code\User\globalStorage\redhat.java\1.6.0\config_win\org.eclipse.osgi\51\0\.cp\lib\launchingsupport.jar
Launcher Type: SUN_STANDARD

[Global flags]
     intx CICompilerCount                          = 4                                         {product} {ergonomic}
     uint ConcGCThreads                            = 2                                         {product} {ergonomic}
     uint G1ConcRefinementThreads                  = 8                                         {product} {ergonomic}
   size_t G1HeapRegionSize                         = 1048576                                   {product} {ergonomic}
    uintx GCDrainStackTargetSize                   = 64                                        {product} {ergonomic}
   size_t InitialHeapSize                          = 16777216                                  {product} {ergonomic}
   size_t MarkStackSize                            = 4194304                                   {product} {ergonomic}
   size_t MaxHeapSize                              = 16777216                                  {product} {command line}
   size_t MaxNewSize                               = 9437184                                   {product} {ergonomic}
   size_t MinHeapDeltaBytes                        = 1048576                                   {product} {ergonomic}
   size_t MinHeapSize                              = 8388608                                   {product} {ergonomic}
    uintx NonNMethodCodeHeapSize                   = 5839372                                {pd product} {ergonomic}
    uintx NonProfiledCodeHeapSize                  = 122909434                              {pd product} {ergonomic}
    uintx ProfiledCodeHeapSize                     = 122909434                              {pd product} {ergonomic}
    uintx ReservedCodeCacheSize                    = 251658240                              {pd product} {ergonomic}
     bool SegmentedCodeCache                       = true                                      {product} {ergonomic}
   size_t SoftMaxHeapSize                          = 16777216                               {manageable} {ergonomic}
     bool UseCompressedClassPointers               = true                           {product lp64_product} {ergonomic}
     bool UseCompressedOops                        = true                           {product lp64_product} {ergonomic}
     bool UseG1GC                                  = true                                      {product} {ergonomic}
     bool UseLargePagesIndividualAllocation        = false                                  {pd product} {ergonomic}

Logging:
Log output configuration:
 #0: stdout all=warning uptime,level,tags
 #1: stderr all=off uptime,level,tags

Environment Variables:
CLASSPATH=C:\Program Files\Java\mysql-connector-java-5.0.8-bin.jar;.;
PATH=C:\Program Files\Common Files\Oracle\Java\javapath;C:\Program Files (x86)\Common Files\Oracle\Java\javapath;C:\Windows\system32;C:\Windows;C:\Windows\System32\Wbem;C:\Windows\System32\WindowsPowerShell\v1.0\;C:\Windows\System32\OpenSSH\;C:\Program Files\Git\cmd;C:\Program Files\Java\jdk-18.0.1.1\bin;C:\Program Files\MySQL\MySQL Shell 8.0\bin\;C:\Users\punk\AppData\Local\Microsoft\WindowsApps;C:\Users\punk\AppData\Local\Programs\Microsoft VS Code\bin;C:\Games\flutter\bin;C:\Games\PHP;C:\Program Files\MySQL\MySQL Server 8.0\bin;E:\Program Files\Java\jdk-17.0.3.1\bin;
USERNAME=punk
OS=Windows_NT
PROCESSOR_IDENTIFIER=Intel64 Family 6 Model 165 Stepping 2, GenuineIntel



---------------  S Y S T E M  ---------------

OS:
 Windows 10 , 64 bit Build 19041 (10.0.19041.1706)
OS uptime: 0 days 0:02 hours

CPU: total 8 (initial active 8) (4 cores per cpu, 2 threads per core) family 6 model 165 stepping 2 microcode 0xea, cx8, cmov, fxsr, ht, mmx, 3dnowpref, sse, sse2, sse3, ssse3, sse4.1, sse4.2, popcnt, lzcnt, tsc, tscinvbit, avx, avx2, aes, erms, clmul, bmi1, bmi2, adx, fma, vzeroupper, clflush, clflushopt

Memory: 4k page, system-wide physical 7993M (3942M free)
TotalPageFile size 28994M (AvailPageFile size 23009M)
current process WorkingSet (physical memory assigned to process): 10M, peak: 10M
current process commit charge ("private bytes"): 87M, peak: 87M

vm_info: Java HotSpot(TM) 64-Bit Server VM (17.0.3.1+2-LTS-6) for windows-amd64 JRE (17.0.3.1+2-LTS-6), built on Apr 25 2022 22:04:21 by "mach5one" with MS VC++ 16.8 / 16.9 (VS2019)

END.
